{"schema_version":1,"timestamp":"2026-06-19T00:00:00-04:00","cwd":"/home/gajap/uSandbox/repos/nebula","command":"pwd","exit_code":0,"artifacts":[],"redactions":[]}
{"schema_version":1,"timestamp":"2026-06-19T00:00:00-04:00","cwd":"/home/gajap/uSandbox/repos/nebula","command":"python3 -c \"import secrets; print(secrets.token_hex(4))\"","exit_code":0,"artifacts":[],"redactions":[]}
{"schema_version":1,"timestamp":"2026-06-19T00:00:00-04:00","cwd":"/home/gajap/uSandbox/repos/nebula","command":"date +%F","exit_code":0,"artifacts":[],"redactions":[]}
{"schema_version":1,"timestamp":"2026-06-19T00:00:00-04:00","cwd":"/home/gajap/uSandbox/repos/nebula","command":"mkdir -p /home/gajap/uSandbox/repos/nebula/nebula-insurance-crm/planning-mds/operations/evidence/runs/2026-06-19-2f180001","exit_code":0,"artifacts":[],"redactions":[]}
{"schema_version":1,"timestamp":"2026-06-19T00:00:00-04:00","cwd":"/home/gajap/uSandbox/repos/nebula","command":"python3 /home/gajap/uSandbox/repos/nebula/nebula-insurance-crm/scripts/kg/validate.py","exit_code":1,"artifacts":[],"redactions":[]}
{"schema_version":1,"timestamp":"2026-06-19T00:00:00-04:00","cwd":"/home/gajap/uSandbox/repos/nebula","command":"python3 /home/gajap/uSandbox/repos/nebula/nebula-insurance-crm/scripts/kg/validate.py --write-coverage-report","exit_code":0,"artifacts":[],"redactions":[]}
{"schema_version":1,"timestamp":"2026-06-19T00:00:00-04:00","cwd":"/home/gajap/uSandbox/repos/nebula","command":"python3 /home/gajap/uSandbox/repos/nebula/nebula-insurance-crm/scripts/kg/validate.py","exit_code":0,"artifacts":[],"redactions":[]}
{"schema_version":1,"timestamp":"2026-06-19T00:00:00-04:00","cwd":"/home/gajap/uSandbox/repos/nebula","command":"sed -n '1,240p' agents/ROUTER.md","exit_code":2,"artifacts":[],"redactions":[]}
{"schema_version":1,"timestamp":"2026-06-19T00:00:00-04:00","cwd":"/home/gajap/uSandbox/repos/nebula","command":"ls","exit_code":0,"artifacts":[],"redactions":[]}
{"schema_version":1,"timestamp":"2026-06-19T00:00:00-04:00","cwd":"/home/gajap/uSandbox/repos/nebula","command":"rg --files -g 'ROUTER.md' -g 'agent-map.yaml' -g 'plan.md' -g 'AGENT-USE.md'","exit_code":0,"artifacts":[],"redactions":[]}
{"schema_version":1,"timestamp":"2026-06-19T00:00:00-04:00","cwd":"/home/gajap/uSandbox/repos/nebula/nebula-agents","command":"sed -n '1,260p' agents/ROUTER.md","exit_code":0,"artifacts":[],"redactions":[]}
{"schema_version":1,"timestamp":"2026-06-19T00:00:00-04:00","cwd":"/home/gajap/uSandbox/repos/nebula/nebula-agents","command":"sed -n '1,260p' agents/agent-map.yaml","exit_code":0,"artifacts":[],"redactions":[]}
{"schema_version":1,"timestamp":"2026-06-19T00:00:00-04:00","cwd":"/home/gajap/uSandbox/repos/nebula/nebula-agents","command":"sed -n '1,320p' agents/docs/AGENT-USE.md","exit_code":0,"artifacts":[],"redactions":[]}
{"schema_version":1,"timestamp":"2026-06-19T00:00:00-04:00","cwd":"/home/gajap/uSandbox/repos/nebula/nebula-agents","command":"sed -n '321,700p' agents/docs/AGENT-USE.md","exit_code":0,"artifacts":[],"redactions":[]}
{"schema_version":1,"timestamp":"2026-06-19T00:00:00-04:00","cwd":"/home/gajap/uSandbox/repos/nebula/nebula-agents","command":"sed -n '1,420p' agents/actions/plan.md","exit_code":0,"artifacts":[],"redactions":[]}
{"schema_version":1,"timestamp":"2026-06-19T00:00:00-04:00","cwd":"/home/gajap/uSandbox/repos/nebula/nebula-agents","command":"sed -n '421,900p' agents/actions/plan.md","exit_code":0,"artifacts":[],"redactions":[]}
{"schema_version":1,"timestamp":"2026-06-19T00:00:00-04:00","cwd":"/home/gajap/uSandbox/repos/nebula/nebula-insurance-crm","command":"sed -n '1,220p' .agentignore","exit_code":0,"artifacts":[],"redactions":[]}
{"schema_version":1,"timestamp":"2026-06-19T00:00:00-04:00","cwd":"/home/gajap/uSandbox/repos/nebula/nebula-insurance-crm","command":"sed -n '1,260p' planning-mds/features/REGISTRY.md","exit_code":0,"artifacts":[],"redactions":[]}
{"schema_version":1,"timestamp":"2026-06-19T00:00:00-04:00","cwd":"/home/gajap/uSandbox/repos/nebula/nebula-insurance-crm","command":"sed -n '1,320p' planning-mds/features/ROADMAP.md","exit_code":0,"artifacts":[],"redactions":[]}
{"schema_version":1,"timestamp":"2026-06-19T00:00:00-04:00","cwd":"/home/gajap/uSandbox/repos/nebula/nebula-insurance-crm","command":"rg --files planning-mds/features/F0023-global-search-saved-views-and-operational-reporting","exit_code":0,"artifacts":[],"redactions":[]}
{"schema_version":1,"timestamp":"2026-06-19T00:00:00-04:00","cwd":"/home/gajap/uSandbox/repos/nebula/nebula-insurance-crm","command":"sed -n '1,280p' planning-mds/BLUEPRINT.md","exit_code":0,"artifacts":[],"redactions":[]}
{"schema_version":1,"timestamp":"2026-06-19T00:00:00-04:00","cwd":"/home/gajap/uSandbox/repos/nebula/nebula-insurance-crm","command":"rg -n \"F0023|Global Search|Saved Views|Operational Reporting|^## 4|^### 4\" planning-mds/BLUEPRINT.md","exit_code":0,"artifacts":[],"redactions":[]}
{"schema_version":1,"timestamp":"2026-06-19T00:00:00-04:00","cwd":"/home/gajap/uSandbox/repos/nebula/nebula-insurance-crm","command":"wc -l planning-mds/BLUEPRINT.md","exit_code":0,"artifacts":[],"redactions":[]}
{"schema_version":1,"timestamp":"2026-06-19T00:00:00-04:00","cwd":"/home/gajap/uSandbox/repos/nebula/nebula-insurance-crm","command":"sed -n '281,700p' planning-mds/BLUEPRINT.md","exit_code":0,"artifacts":[],"redactions":[]}
{"schema_version":1,"timestamp":"2026-06-19T00:00:00-04:00","cwd":"/home/gajap/uSandbox/repos/nebula/nebula-insurance-crm","command":"wc -l planning-mds/knowledge-graph/solution-ontology.yaml planning-mds/knowledge-graph/canonical-nodes.yaml planning-mds/knowledge-graph/feature-mappings.yaml planning-mds/knowledge-graph/code-index.yaml planning-mds/knowledge-graph/coverage-report.yaml","exit_code":0,"artifacts":[],"redactions":[]}
{"schema_version":1,"timestamp":"2026-06-19T00:00:00-04:00","cwd":"/home/gajap/uSandbox/repos/nebula/nebula-insurance-crm","command":"sed -n '1,360p' planning-mds/knowledge-graph/solution-ontology.yaml","exit_code":0,"artifacts":[],"redactions":[]}
{"schema_version":1,"timestamp":"2026-06-19T00:00:00-04:00","cwd":"/home/gajap/uSandbox/repos/nebula/nebula-insurance-crm","command":"python3 scripts/kg/lookup.py F0023","exit_code":0,"artifacts":[],"redactions":[]}
{"schema_version":1,"timestamp":"2026-06-19T00:00:00-04:00","cwd":"/home/gajap/uSandbox/repos/nebula/nebula-insurance-crm","command":"rg -n \"feature:F0023|story:F0023|F0023|global-search|saved-view|operational-report|reporting|search\" planning-mds/knowledge-graph/feature-mappings.yaml planning-mds/knowledge-graph/canonical-nodes.yaml planning-mds/knowledge-graph/code-index.yaml planning-mds/knowledge-graph/coverage-report.yaml","exit_code":0,"artifacts":[],"redactions":[]}
{"schema_version":1,"timestamp":"2026-06-19T00:00:00-04:00","cwd":"/home/gajap/uSandbox/repos/nebula/nebula-insurance-crm","command":"sed -n '1,80p' planning-mds/knowledge-graph/feature-mappings.yaml","exit_code":0,"artifacts":[],"redactions":[]}
{"schema_version":1,"timestamp":"2026-06-19T00:00:00-04:00","cwd":"/home/gajap/uSandbox/repos/nebula/nebula-insurance-crm","command":"sed -n '620,780p' planning-mds/knowledge-graph/canonical-nodes.yaml","exit_code":0,"artifacts":[],"redactions":[]}
{"schema_version":1,"timestamp":"2026-06-19T00:00:00-04:00","cwd":"/home/gajap/uSandbox/repos/nebula/nebula-insurance-crm","command":"sed -n '2328,2372p' planning-mds/knowledge-graph/canonical-nodes.yaml","exit_code":0,"artifacts":[],"redactions":[]}
{"schema_version":1,"timestamp":"2026-06-19T00:00:00-04:00","cwd":"/home/gajap/uSandbox/repos/nebula/nebula-insurance-crm","command":"sed -n '2554,2580p' planning-mds/knowledge-graph/canonical-nodes.yaml","exit_code":0,"artifacts":[],"redactions":[]}
{"schema_version":1,"timestamp":"2026-06-19T00:00:00-04:00","cwd":"/home/gajap/uSandbox/repos/nebula/nebula-insurance-crm","command":"sed -n '3628,3668p' planning-mds/knowledge-graph/canonical-nodes.yaml","exit_code":0,"artifacts":[],"redactions":[]}
{"schema_version":1,"timestamp":"2026-06-19T00:00:00-04:00","cwd":"/home/gajap/uSandbox/repos/nebula/nebula-insurance-crm","command":"sed -n '3694,3724p' planning-mds/knowledge-graph/canonical-nodes.yaml","exit_code":0,"artifacts":[],"redactions":[]}
{"schema_version":1,"timestamp":"2026-06-19T00:00:00-04:00","cwd":"/home/gajap/uSandbox/repos/nebula/nebula-insurance-crm","command":"sed -n '32,60p' planning-mds/knowledge-graph/coverage-report.yaml","exit_code":0,"artifacts":[],"redactions":[]}
{"schema_version":1,"timestamp":"2026-06-19T00:00:00-04:00","cwd":"/home/gajap/uSandbox/repos/nebula/nebula-insurance-crm","command":"sed -n '3288,3302p' planning-mds/knowledge-graph/coverage-report.yaml","exit_code":0,"artifacts":[],"redactions":[]}
{"schema_version":1,"timestamp":"2026-06-19T00:00:00-04:00","cwd":"/home/gajap/uSandbox/repos/nebula/nebula-insurance-crm","command":"sed -n '900,920p' planning-mds/knowledge-graph/code-index.yaml","exit_code":0,"artifacts":[],"redactions":[]}
{"schema_version":1,"timestamp":"2026-06-19T00:00:00-04:00","cwd":"/home/gajap/uSandbox/repos/nebula/nebula-insurance-crm","command":"sed -n '1150,1170p' planning-mds/knowledge-graph/code-index.yaml","exit_code":0,"artifacts":[],"redactions":[]}
{"schema_version":1,"timestamp":"2026-06-19T00:00:00-04:00","cwd":"/home/gajap/uSandbox/repos/nebula/nebula-insurance-crm","command":"rg -n \"search|Search|Saved|Report|report\" planning-mds/api planning-mds/schemas planning-mds/architecture/decisions -g '*.md' -g '*.yaml' -g '*.json'","exit_code":0,"artifacts":[],"redactions":[]}
{"schema_version":1,"timestamp":"2026-06-19T00:00:00-04:00","cwd":"/home/gajap/uSandbox/repos/nebula/nebula-insurance-crm","command":"sed -n '1,260p' planning-mds/features/F0023-global-search-saved-views-and-operational-reporting/PRD.md","exit_code":0,"artifacts":[],"redactions":[]}
{"schema_version":1,"timestamp":"2026-06-19T00:00:00-04:00","cwd":"/home/gajap/uSandbox/repos/nebula/nebula-insurance-crm","command":"sed -n '1,240p' planning-mds/features/F0023-global-search-saved-views-and-operational-reporting/STATUS.md","exit_code":0,"artifacts":[],"redactions":[]}
{"schema_version":1,"timestamp":"2026-06-19T00:00:00-04:00","cwd":"/home/gajap/uSandbox/repos/nebula/nebula-insurance-crm","command":"sed -n '1,220p' planning-mds/features/F0023-global-search-saved-views-and-operational-reporting/README.md","exit_code":0,"artifacts":[],"redactions":[]}
{"schema_version":1,"timestamp":"2026-06-19T00:00:00-04:00","cwd":"/home/gajap/uSandbox/repos/nebula/nebula-insurance-crm","command":"sed -n '1,220p' planning-mds/features/F0023-global-search-saved-views-and-operational-reporting/GETTING-STARTED.md","exit_code":0,"artifacts":[],"redactions":[]}
{"schema_version":1,"timestamp":"2026-06-19T00:00:00-04:00","cwd":"/home/gajap/uSandbox/repos/nebula/nebula-agents","command":"sed -n '1,320p' agents/product-manager/SKILL.md","exit_code":0,"artifacts":[],"redactions":[]}
{"schema_version":1,"timestamp":"2026-06-19T00:00:00-04:00","cwd":"/home/gajap/uSandbox/repos/nebula/nebula-agents","command":"sed -n '1,220p' agents/product-manager/references/feature-examples.md","exit_code":0,"artifacts":[],"redactions":[]}
{"schema_version":1,"timestamp":"2026-06-19T00:00:00-04:00","cwd":"/home/gajap/uSandbox/repos/nebula/nebula-agents","command":"sed -n '1,220p' agents/product-manager/references/story-examples.md","exit_code":0,"artifacts":[],"redactions":[]}
{"schema_version":1,"timestamp":"2026-06-19T00:00:00-04:00","cwd":"/home/gajap/uSandbox/repos/nebula/nebula-agents","command":"sed -n '1,220p' agents/product-manager/references/persona-examples.md","exit_code":0,"artifacts":[],"redactions":[]}
{"schema_version":1,"timestamp":"2026-06-19T00:00:00-04:00","cwd":"/home/gajap/uSandbox/repos/nebula/nebula-agents","command":"sed -n '321,700p' agents/product-manager/SKILL.md","exit_code":0,"artifacts":[],"redactions":[]}
{"schema_version":1,"timestamp":"2026-06-19T00:00:00-04:00","cwd":"/home/gajap/uSandbox/repos/nebula/nebula-agents","command":"sed -n '1,260p' agents/product-manager/references/vertical-slicing-guide.md","exit_code":0,"artifacts":[],"redactions":[]}
{"schema_version":1,"timestamp":"2026-06-19T00:00:00-04:00","cwd":"/home/gajap/uSandbox/repos/nebula/nebula-agents","command":"sed -n '1,260p' agents/product-manager/references/screen-spec-examples.md","exit_code":0,"artifacts":[],"redactions":[]}
{"schema_version":1,"timestamp":"2026-06-19T00:00:00-04:00","cwd":"/home/gajap/uSandbox/repos/nebula/nebula-agents","command":"sed -n '1,220p' agents/product-manager/references/blueprint-requirements.md","exit_code":0,"artifacts":[],"redactions":[]}
{"schema_version":1,"timestamp":"2026-06-19T00:00:00-04:00","cwd":"/home/gajap/uSandbox/repos/nebula/nebula-agents","command":"sed -n '1,260p' agents/templates/story-template.md","exit_code":0,"artifacts":[],"redactions":[]}
{"schema_version":1,"timestamp":"2026-06-19T00:00:00-04:00","cwd":"/home/gajap/uSandbox/repos/nebula/nebula-agents","command":"sed -n '1,240p' agents/templates/feature-status-template.md","exit_code":0,"artifacts":[],"redactions":[]}
{"schema_version":1,"timestamp":"2026-06-19T00:00:00-04:00","cwd":"/home/gajap/uSandbox/repos/nebula/nebula-agents","command":"sed -n '1,220p' agents/templates/feature-readme-template.md","exit_code":0,"artifacts":[],"redactions":[]}
{"schema_version":1,"timestamp":"2026-06-19T00:00:00-04:00","cwd":"/home/gajap/uSandbox/repos/nebula/nebula-insurance-crm","command":"sed -n '1,260p' planning-mds/features/TRACKER-GOVERNANCE.md","exit_code":0,"artifacts":[],"redactions":[]}
{"schema_version":1,"timestamp":"2026-06-19T00:00:00-04:00","cwd":"/home/gajap/uSandbox/repos/nebula/nebula-agents","command":"sed -n '1,260p' agents/templates/acceptance-criteria-checklist.md","exit_code":0,"artifacts":[],"redactions":[]}
{"schema_version":1,"timestamp":"2026-06-19T00:00:00-04:00","cwd":"/home/gajap/uSandbox/repos/nebula/nebula-agents","command":"sed -n '1,260p' agents/product-manager/scripts/validate-stories.py","exit_code":0,"artifacts":[],"redactions":[]}
{"schema_version":1,"timestamp":"2026-06-19T00:00:00-04:00","cwd":"/home/gajap/uSandbox/repos/nebula/nebula-agents","command":"sed -n '261,560p' agents/product-manager/scripts/validate-stories.py","exit_code":0,"artifacts":[],"redactions":[]}
{"schema_version":1,"timestamp":"2026-06-19T00:00:00-04:00","cwd":"/home/gajap/uSandbox/repos/nebula/nebula-insurance-crm","command":"tail -n 120 planning-mds/knowledge-graph/feature-mappings.yaml","exit_code":0,"artifacts":[],"redactions":[]}
{"schema_version":1,"timestamp":"2026-06-19T00:00:00-04:00","cwd":"/home/gajap/uSandbox/repos/nebula/nebula-insurance-crm","command":"rg -n \"^- id: feature:|^  - id: feature:|^stories:\" planning-mds/knowledge-graph/feature-mappings.yaml","exit_code":0,"artifacts":[],"redactions":[]}
{"schema_version":1,"timestamp":"2026-06-19T00:00:00-04:00","cwd":"/home/gajap/uSandbox/repos/nebula/nebula-insurance-crm","command":"sed -n '900,980p' planning-mds/knowledge-graph/feature-mappings.yaml","exit_code":0,"artifacts":[],"redactions":[]}
{"schema_version":1,"timestamp":"2026-06-19T00:00:00-04:00","cwd":"/home/gajap/uSandbox/repos/nebula/nebula-insurance-crm","command":"sed -n '600,645p' planning-mds/knowledge-graph/feature-mappings.yaml","exit_code":0,"artifacts":[],"redactions":[]}
{"schema_version":1,"timestamp":"2026-06-19T00:00:00-04:00","cwd":"/home/gajap/uSandbox/repos/nebula/nebula-insurance-crm","command":"rg -n \"id: entity:(account|broker|mga|policy|submission|renewal|task-item|activity-timeline-event|workflow-transition)|id: workflow:(submission|renewal)|id: capability:(authorization-enforcement|broker-relationship-management|task-center)|id: api:nebula-rest|id: role:(distribution-user|distribution-manager|underwriter|relationship-manager|program-manager|admin)\" planning-mds/knowledge-graph/canonical-nodes.yaml","exit_code":0,"artifacts":[],"redactions":[]}
{"schema_version":1,"timestamp":"2026-06-19T00:00:00-04:00","cwd":"/home/gajap/uSandbox/repos/nebula/nebula-insurance-crm","command":"sed -n '1,220p' planning-mds/features/F0017-broker-mga-hierarchy-and-producer-ownership/STATUS.md","exit_code":0,"artifacts":[],"redactions":[]}
{"schema_version":1,"timestamp":"2026-06-19T00:00:00-04:00","cwd":"/home/gajap/uSandbox/repos/nebula/nebula-agents","command":"python3 agents/product-manager/scripts/validate-stories.py /home/gajap/uSandbox/repos/nebula/nebula-insurance-crm/planning-mds/features/F0023-global-search-saved-views-and-operational-reporting","exit_code":0,"artifacts":[],"redactions":[]}
{"schema_version":1,"timestamp":"2026-06-19T00:00:00-04:00","cwd":"/home/gajap/uSandbox/repos/nebula/nebula-agents","command":"python3 agents/product-manager/scripts/validate-stories.py /home/gajap/uSandbox/repos/nebula/nebula-insurance-crm/planning-mds/features/F0023-global-search-saved-views-and-operational-reporting","exit_code":0,"artifacts":[],"redactions":[]}
{"schema_version":1,"timestamp":"2026-06-19T00:00:00-04:00","cwd":"/home/gajap/uSandbox/repos/nebula/nebula-agents","command":"python3 agents/product-manager/scripts/generate-story-index.py /home/gajap/uSandbox/repos/nebula/nebula-insurance-crm/planning-mds/features/","exit_code":0,"artifacts":[],"redactions":[]}
{"schema_version":1,"timestamp":"2026-06-19T00:00:00-04:00","cwd":"/home/gajap/uSandbox/repos/nebula/nebula-agents","command":"python3 agents/product-manager/scripts/validate-trackers.py","exit_code":1,"artifacts":[],"redactions":[]}
{"schema_version":1,"timestamp":"2026-06-19T00:00:00-04:00","cwd":"/home/gajap/uSandbox/repos/nebula/nebula-agents","command":"python3 agents/product-manager/scripts/validate-trackers.py --help","exit_code":0,"artifacts":[],"redactions":[]}
{"schema_version":1,"timestamp":"2026-06-19T00:00:00-04:00","cwd":"/home/gajap/uSandbox/repos/nebula/nebula-agents","command":"python3 agents/product-manager/scripts/validate-trackers.py --feature F0023 --skip-feature-evidence","exit_code":0,"artifacts":[],"redactions":[]}
{"schema_version":1,"timestamp":"2026-06-19T00:00:00-04:00","cwd":"/home/gajap/uSandbox/repos/nebula","command":"python3 /home/gajap/uSandbox/repos/nebula/nebula-insurance-crm/scripts/kg/validate.py","exit_code":1,"artifacts":[],"redactions":[]}
{"schema_version":1,"timestamp":"2026-06-19T00:00:00-04:00","cwd":"/home/gajap/uSandbox/repos/nebula","command":"python3 /home/gajap/uSandbox/repos/nebula/nebula-insurance-crm/scripts/kg/validate.py --write-coverage-report","exit_code":0,"artifacts":[],"redactions":[]}
{"schema_version":1,"timestamp":"2026-06-19T00:00:00-04:00","cwd":"/home/gajap/uSandbox/repos/nebula","command":"python3 /home/gajap/uSandbox/repos/nebula/nebula-insurance-crm/scripts/kg/validate.py","exit_code":0,"artifacts":[],"redactions":[]}
{"schema_version":1,"timestamp":"2026-06-19T00:00:00-04:00","cwd":"/home/gajap/uSandbox/repos/nebula/nebula-insurance-crm","command":"git status --short","exit_code":0,"artifacts":[],"redactions":[]}
{"schema_version":1,"timestamp":"2026-06-19T00:00:00-04:00","cwd":"/home/gajap/uSandbox/repos/nebula/nebula-insurance-crm","command":"git diff --stat","exit_code":0,"artifacts":[],"redactions":[]}
{"schema_version":1,"timestamp":"2026-06-19T00:00:00-04:00","cwd":"/home/gajap/uSandbox/repos/nebula/nebula-insurance-crm","command":"git diff -- planning-mds/features/F0023-global-search-saved-views-and-operational-reporting/PRD.md planning-mds/features/F0023-global-search-saved-views-and-operational-reporting/STATUS.md planning-mds/knowledge-graph/feature-mappings.yaml | sed -n '1,260p'","exit_code":0,"artifacts":[],"redactions":[]}
{"schema_version":1,"timestamp":"2026-06-19T00:00:00-04:00","cwd":"/home/gajap/uSandbox/repos/nebula/nebula-insurance-crm","command":"git diff -- planning-mds/features/ROADMAP.md | sed -n '1,220p'","exit_code":0,"artifacts":[],"redactions":[]}
{"schema_version":1,"timestamp":"2026-06-19T10:49:45-04:00","cwd":"/home/gajap/uSandbox/repos/nebula","command":"date -Iseconds","exit_code":0,"artifacts":[],"redactions":[]}
{"schema_version":1,"timestamp":"2026-06-19T11:18:07-04:00","cwd":"/home/gajap/uSandbox/repos/nebula/nebula-agents","command":"sed -n '1,380p' agents/architect/SKILL.md","exit_code":0,"artifacts":[],"redactions":[]}
{"schema_version":1,"timestamp":"2026-06-19T11:18:07-04:00","cwd":"/home/gajap/uSandbox/repos/nebula/nebula-insurance-crm","command":"sed -n '1,320p' planning-mds/architecture/SOLUTION-PATTERNS.md","exit_code":0,"artifacts":[],"redactions":[]}
{"schema_version":1,"timestamp":"2026-06-19T11:18:07-04:00","cwd":"/home/gajap/uSandbox/repos/nebula/nebula-insurance-crm","command":"sed -n '1,260p' planning-mds/features/F0023-global-search-saved-views-and-operational-reporting/PRD.md","exit_code":0,"artifacts":[],"redactions":[]}
{"schema_version":1,"timestamp":"2026-06-19T11:18:07-04:00","cwd":"/home/gajap/uSandbox/repos/nebula/nebula-insurance-crm","command":"sed -n '1,240p' planning-mds/features/F0023-global-search-saved-views-and-operational-reporting/STATUS.md","exit_code":0,"artifacts":[],"redactions":[]}
{"schema_version":1,"timestamp":"2026-06-19T11:18:07-04:00","cwd":"/home/gajap/uSandbox/repos/nebula/nebula-agents","command":"sed -n '381,820p' agents/architect/SKILL.md","exit_code":0,"artifacts":[],"redactions":[]}
{"schema_version":1,"timestamp":"2026-06-19T11:18:07-04:00","cwd":"/home/gajap/uSandbox/repos/nebula/nebula-insurance-crm","command":"wc -l planning-mds/architecture/SOLUTION-PATTERNS.md planning-mds/architecture/api-guidelines-profile.md planning-mds/architecture/api-design-guide.md","exit_code":0,"artifacts":[],"redactions":[]}
{"schema_version":1,"timestamp":"2026-06-19T11:18:07-04:00","cwd":"/home/gajap/uSandbox/repos/nebula/nebula-agents","command":"sed -n '1,260p' agents/architect/references/api-design-guide.md","exit_code":0,"artifacts":[],"redactions":[]}
{"schema_version":1,"timestamp":"2026-06-19T11:18:07-04:00","cwd":"/home/gajap/uSandbox/repos/nebula/nebula-agents","command":"sed -n '1,260p' agents/architect/references/service-architecture-patterns.md","exit_code":0,"artifacts":[],"redactions":[]}
{"schema_version":1,"timestamp":"2026-06-19T11:18:07-04:00","cwd":"/home/gajap/uSandbox/repos/nebula/nebula-insurance-crm","command":"sed -n '321,700p' planning-mds/architecture/SOLUTION-PATTERNS.md","exit_code":0,"artifacts":[],"redactions":[]}
{"schema_version":1,"timestamp":"2026-06-19T11:18:07-04:00","cwd":"/home/gajap/uSandbox/repos/nebula/nebula-insurance-crm","command":"sed -n '701,1100p' planning-mds/architecture/SOLUTION-PATTERNS.md","exit_code":0,"artifacts":[],"redactions":[]}
{"schema_version":1,"timestamp":"2026-06-19T11:18:07-04:00","cwd":"/home/gajap/uSandbox/repos/nebula/nebula-insurance-crm","command":"sed -n '1,140p' planning-mds/architecture/api-guidelines-profile.md","exit_code":0,"artifacts":[],"redactions":[]}
{"schema_version":1,"timestamp":"2026-06-19T11:18:07-04:00","cwd":"/home/gajap/uSandbox/repos/nebula/nebula-insurance-crm","command":"sed -n '1,140p' planning-mds/architecture/api-design-guide.md","exit_code":0,"artifacts":[],"redactions":[]}
{"schema_version":1,"timestamp":"2026-06-19T11:18:07-04:00","cwd":"/home/gajap/uSandbox/repos/nebula/nebula-insurance-crm","command":"sed -n '1,260p' planning-mds/architecture/data-modeling-guide.md","exit_code":0,"artifacts":[],"redactions":[]}
{"schema_version":1,"timestamp":"2026-06-19T11:18:07-04:00","cwd":"/home/gajap/uSandbox/repos/nebula/nebula-insurance-crm","command":"sed -n '1,260p' planning-mds/architecture/authorization-patterns.md","exit_code":0,"artifacts":[],"redactions":[]}
{"schema_version":1,"timestamp":"2026-06-19T11:18:07-04:00","cwd":"/home/gajap/uSandbox/repos/nebula/nebula-insurance-crm","command":"sed -n '1,240p' planning-mds/architecture/json-schema-validation-architecture.md","exit_code":0,"artifacts":[],"redactions":[]}
{"schema_version":1,"timestamp":"2026-06-19T11:18:07-04:00","cwd":"/home/gajap/uSandbox/repos/nebula/nebula-insurance-crm","command":"sed -n '1,240p' planning-mds/architecture/performance-design-guide.md","exit_code":0,"artifacts":[],"redactions":[]}
{"schema_version":1,"timestamp":"2026-06-19T11:18:07-04:00","cwd":"/home/gajap/uSandbox/repos/nebula/nebula-insurance-crm","command":"sed -n '1,260p' planning-mds/architecture/decisions/ADR-014-search-index-and-saved-view-architecture.md","exit_code":0,"artifacts":[],"redactions":[]}
{"schema_version":1,"timestamp":"2026-06-19T11:18:07-04:00","cwd":"/home/gajap/uSandbox/repos/nebula/nebula-insurance-crm","command":"sed -n '1,260p' planning-mds/architecture/data-model.md","exit_code":0,"artifacts":[],"redactions":[]}
{"schema_version":1,"timestamp":"2026-06-19T11:18:07-04:00","cwd":"/home/gajap/uSandbox/repos/nebula/nebula-insurance-crm","command":"sed -n '1,160p' planning-mds/api/nebula-api.yaml","exit_code":0,"artifacts":[],"redactions":[]}
{"schema_version":1,"timestamp":"2026-06-19T11:18:07-04:00","cwd":"/home/gajap/uSandbox/repos/nebula/nebula-insurance-crm","command":"ls planning-mds/schemas | sed -n '1,160p'","exit_code":0,"artifacts":[],"redactions":[]}
{"schema_version":1,"timestamp":"2026-06-19T11:18:07-04:00","cwd":"/home/gajap/uSandbox/repos/nebula","command":"rg -n \"commands.log|Section 13|\u00a713|JSON Lines|command audit|schema\" CONSUMER-CONTRACT.md agents/actions/plan.md agents/architect/SKILL.md","exit_code":0,"artifacts":[],"redactions":[]}
{"schema_version":1,"timestamp":"2026-06-19T11:18:07-04:00","cwd":"/home/gajap/uSandbox/repos/nebula","command":"sed -n '1,220p' /home/gajap/uSandbox/repos/nebula/nebula-insurance-crm/planning-mds/operations/evidence/runs/2026-06-19-2f180001/commands.log","exit_code":0,"artifacts":[],"redactions":[]}
{"schema_version":1,"timestamp":"2026-06-19T11:18:07-04:00","cwd":"/home/gajap/uSandbox/repos/nebula","command":"git status --short","exit_code":128,"artifacts":[],"redactions":[]}
{"schema_version":1,"timestamp":"2026-06-19T11:18:07-04:00","cwd":"/home/gajap/uSandbox/repos/nebula","command":"sed -n '200,280p' CONSUMER-CONTRACT.md","exit_code":0,"artifacts":[],"redactions":[]}
{"schema_version":1,"timestamp":"2026-06-19T11:18:07-04:00","cwd":"/home/gajap/uSandbox/repos/nebula/nebula-agents","command":"sed -n '430,580p' agents/actions/plan.md","exit_code":0,"artifacts":[],"redactions":[]}
{"schema_version":1,"timestamp":"2026-06-19T11:18:07-04:00","cwd":"/home/gajap/uSandbox/repos/nebula/nebula-agents","command":"sed -n '140,220p' agents/architect/SKILL.md","exit_code":0,"artifacts":[],"redactions":[]}
{"schema_version":1,"timestamp":"2026-06-19T11:18:07-04:00","cwd":"/home/gajap/uSandbox/repos/nebula","command":"sed -n '280,380p' CONSUMER-CONTRACT.md","exit_code":0,"artifacts":[],"redactions":[]}
{"schema_version":1,"timestamp":"2026-06-19T11:18:07-04:00","cwd":"/home/gajap/uSandbox/repos/nebula","command":"rg -n \"^### Base Run|^## .*commands|commands.log|Command Evidence|JSONL\" CONSUMER-CONTRACT.md agents -g '*.md'","exit_code":0,"artifacts":[],"redactions":[]}
{"schema_version":1,"timestamp":"2026-06-19T11:18:07-04:00","cwd":"/home/gajap/uSandbox/repos/nebula/nebula-agents","command":"sed -n '580,680p' agents/actions/plan.md","exit_code":0,"artifacts":[],"redactions":[]}
{"schema_version":1,"timestamp":"2026-06-19T11:18:07-04:00","cwd":"/home/gajap/uSandbox/repos/nebula/nebula-agents","command":"sed -n '1,80p' agents/templates/commands-log-template.md","exit_code":0,"artifacts":[],"redactions":[]}
{"schema_version":1,"timestamp":"2026-06-19T11:18:07-04:00","cwd":"/home/gajap/uSandbox/repos/nebula/nebula-agents","command":"sed -n '263,290p' agents/docs/AGENT-OPS.md","exit_code":0,"artifacts":[],"redactions":[]}
{"schema_version":1,"timestamp":"2026-06-19T11:18:07-04:00","cwd":"/home/gajap/uSandbox/repos/nebula/nebula-insurance-crm","command":"rg -n \"^(tags:|paths:|components:|  schemas:|  parameters:|  responses:|  securitySchemes:)\" planning-mds/api/nebula-api.yaml","exit_code":0,"artifacts":[],"redactions":[]}
{"schema_version":1,"timestamp":"2026-06-19T11:18:07-04:00","cwd":"/home/gajap/uSandbox/repos/nebula/nebula-insurance-crm","command":"rg -n \"F0023|Search|Saved|Report|report|analytics|dashboard|operational\" planning-mds/architecture planning-mds/security planning-mds/api/nebula-api.yaml planning-mds/knowledge-graph/canonical-nodes.yaml planning-mds/knowledge-graph/code-index.yaml","exit_code":0,"artifacts":[],"redactions":[]}
{"schema_version":1,"timestamp":"2026-06-19T11:18:07-04:00","cwd":"/home/gajap/uSandbox/repos/nebula/nebula-agents","command":"sed -n '1,220p' agents/templates/feature-assembly-plan-template.md","exit_code":0,"artifacts":[],"redactions":[]}
{"schema_version":1,"timestamp":"2026-06-19T11:18:07-04:00","cwd":"/home/gajap/uSandbox/repos/nebula/nebula-insurance-crm","command":"sed -n '1,220p' planning-mds/security/authorization-matrix.md","exit_code":0,"artifacts":[],"redactions":[]}
{"schema_version":1,"timestamp":"2026-06-19T11:18:07-04:00","cwd":"/home/gajap/uSandbox/repos/nebula/nebula-insurance-crm","command":"sed -n '250,330p' planning-mds/security/authorization-matrix.md","exit_code":0,"artifacts":[],"redactions":[]}
{"schema_version":1,"timestamp":"2026-06-19T11:18:07-04:00","cwd":"/home/gajap/uSandbox/repos/nebula/nebula-insurance-crm","command":"sed -n '400,455p' planning-mds/security/authorization-matrix.md","exit_code":0,"artifacts":[],"redactions":[]}
{"schema_version":1,"timestamp":"2026-06-19T11:18:07-04:00","cwd":"/home/gajap/uSandbox/repos/nebula/nebula-insurance-crm","command":"sed -n '1,90p' planning-mds/security/policies/policy.csv","exit_code":0,"artifacts":[],"redactions":[]}
{"schema_version":1,"timestamp":"2026-06-19T11:18:07-04:00","cwd":"/home/gajap/uSandbox/repos/nebula/nebula-insurance-crm","command":"sed -n '440,530p' planning-mds/security/policies/policy.csv","exit_code":0,"artifacts":[],"redactions":[]}
{"schema_version":1,"timestamp":"2026-06-19T11:18:07-04:00","cwd":"/home/gajap/uSandbox/repos/nebula/nebula-insurance-crm","command":"sed -n '340,405p' planning-mds/security/policies/policy.csv","exit_code":0,"artifacts":[],"redactions":[]}
{"schema_version":1,"timestamp":"2026-06-19T11:18:07-04:00","cwd":"/home/gajap/uSandbox/repos/nebula/nebula-insurance-crm","command":"sed -n '1,90p' planning-mds/api/nebula-api.yaml","exit_code":0,"artifacts":[],"redactions":[]}
{"schema_version":1,"timestamp":"2026-06-19T11:18:07-04:00","cwd":"/home/gajap/uSandbox/repos/nebula/nebula-insurance-crm","command":"sed -n '360,430p' planning-mds/api/nebula-api.yaml","exit_code":0,"artifacts":[],"redactions":[]}
{"schema_version":1,"timestamp":"2026-06-19T11:18:07-04:00","cwd":"/home/gajap/uSandbox/repos/nebula/nebula-insurance-crm","command":"sed -n '2710,2835p' planning-mds/api/nebula-api.yaml","exit_code":0,"artifacts":[],"redactions":[]}
{"schema_version":1,"timestamp":"2026-06-19T11:18:07-04:00","cwd":"/home/gajap/uSandbox/repos/nebula/nebula-insurance-crm","command":"sed -n '3970,4255p' planning-mds/api/nebula-api.yaml","exit_code":0,"artifacts":[],"redactions":[]}
{"schema_version":1,"timestamp":"2026-06-19T11:18:07-04:00","cwd":"/home/gajap/uSandbox/repos/nebula/nebula-insurance-crm","command":"sed -n '4336,4415p' planning-mds/api/nebula-api.yaml","exit_code":0,"artifacts":[],"redactions":[]}
{"schema_version":1,"timestamp":"2026-06-19T11:18:07-04:00","cwd":"/home/gajap/uSandbox/repos/nebula/nebula-insurance-crm","command":"sed -n '6360,6435p' planning-mds/api/nebula-api.yaml","exit_code":0,"artifacts":[],"redactions":[]}
{"schema_version":1,"timestamp":"2026-06-19T11:18:07-04:00","cwd":"/home/gajap/uSandbox/repos/nebula/nebula-insurance-crm","command":"sed -n '6960,7025p' planning-mds/api/nebula-api.yaml","exit_code":0,"artifacts":[],"redactions":[]}
{"schema_version":1,"timestamp":"2026-06-19T11:18:07-04:00","cwd":"/home/gajap/uSandbox/repos/nebula/nebula-insurance-crm","command":"tail -n 80 planning-mds/api/nebula-api.yaml","exit_code":0,"artifacts":[],"redactions":[]}
{"schema_version":1,"timestamp":"2026-06-19T11:18:07-04:00","cwd":"/home/gajap/uSandbox/repos/nebula/nebula-insurance-crm","command":"sed -n '1,220p' planning-mds/schemas/dashboard-kpis.schema.json","exit_code":0,"artifacts":[],"redactions":[]}
{"schema_version":1,"timestamp":"2026-06-19T11:18:07-04:00","cwd":"/home/gajap/uSandbox/repos/nebula/nebula-insurance-crm","command":"sed -n '1,220p' planning-mds/schemas/task.schema.json","exit_code":0,"artifacts":[],"redactions":[]}
{"schema_version":1,"timestamp":"2026-06-19T11:18:07-04:00","cwd":"/home/gajap/uSandbox/repos/nebula/nebula-insurance-crm","command":"sed -n '1,180p' planning-mds/schemas/paginated-broker-list.schema.json","exit_code":0,"artifacts":[],"redactions":[]}
{"schema_version":1,"timestamp":"2026-06-19T11:18:07-04:00","cwd":"/home/gajap/uSandbox/repos/nebula/nebula-insurance-crm","command":"sed -n '1,200p' planning-mds/architecture/decisions/ADR-002-dashboard-data-aggregation.md","exit_code":0,"artifacts":[],"redactions":[]}
{"schema_version":1,"timestamp":"2026-06-19T11:18:07-04:00","cwd":"/home/gajap/uSandbox/repos/nebula/nebula-insurance-crm","command":"sed -n '2040,2105p' planning-mds/architecture/feature-assembly-plan.md","exit_code":0,"artifacts":[],"redactions":[]}
{"schema_version":1,"timestamp":"2026-06-19T11:18:07-04:00","cwd":"/home/gajap/uSandbox/repos/nebula/nebula-insurance-crm","command":"rg -n \"^# |^## |^### \" planning-mds/architecture/feature-assembly-plan.md | tail -n 80","exit_code":0,"artifacts":[],"redactions":[]}
{"schema_version":1,"timestamp":"2026-06-19T11:18:07-04:00","cwd":"/home/gajap/uSandbox/repos/nebula/nebula-insurance-crm","command":"rg -n \"^# |^## |^### |F0023|Search|Saved|Operational\" planning-mds/architecture/data-model.md","exit_code":0,"artifacts":[],"redactions":[]}
{"schema_version":1,"timestamp":"2026-06-19T11:18:07-04:00","cwd":"/home/gajap/uSandbox/repos/nebula/nebula-insurance-crm","command":"tail -n 120 planning-mds/architecture/data-model.md","exit_code":0,"artifacts":[],"redactions":[]}
{"schema_version":1,"timestamp":"2026-06-19T11:18:07-04:00","cwd":"/home/gajap/uSandbox/repos/nebula/nebula-insurance-crm","command":"rg -n \"^entities:|^capabilities:|^endpoints:|^schemas:|^policy_rules:|^adrs:|^ui_routes:|^workflows:\" planning-mds/knowledge-graph/canonical-nodes.yaml","exit_code":0,"artifacts":[],"redactions":[]}
{"schema_version":1,"timestamp":"2026-06-19T11:18:07-04:00","cwd":"/home/gajap/uSandbox/repos/nebula/nebula-insurance-crm","command":"sed -n '430,510p' planning-mds/knowledge-graph/canonical-nodes.yaml","exit_code":0,"artifacts":[],"redactions":[]}
{"schema_version":1,"timestamp":"2026-06-19T11:18:07-04:00","cwd":"/home/gajap/uSandbox/repos/nebula/nebula-insurance-crm","command":"sed -n '900,970p' planning-mds/knowledge-graph/canonical-nodes.yaml","exit_code":0,"artifacts":[],"redactions":[]}
{"schema_version":1,"timestamp":"2026-06-19T11:18:07-04:00","cwd":"/home/gajap/uSandbox/repos/nebula/nebula-insurance-crm","command":"sed -n '2860,2915p' planning-mds/knowledge-graph/canonical-nodes.yaml","exit_code":0,"artifacts":[],"redactions":[]}
{"schema_version":1,"timestamp":"2026-06-19T11:18:07-04:00","cwd":"/home/gajap/uSandbox/repos/nebula/nebula-insurance-crm","command":"sed -n '3750,3785p' planning-mds/knowledge-graph/canonical-nodes.yaml","exit_code":0,"artifacts":[],"redactions":[]}
{"schema_version":1,"timestamp":"2026-06-19T11:18:07-04:00","cwd":"/home/gajap/uSandbox/repos/nebula/nebula-insurance-crm","command":"sed -n '1,80p' planning-mds/knowledge-graph/canonical-nodes.yaml","exit_code":0,"artifacts":[],"redactions":[]}
{"schema_version":1,"timestamp":"2026-06-19T11:18:07-04:00","cwd":"/home/gajap/uSandbox/repos/nebula/nebula-insurance-crm","command":"sed -n '160,260p' planning-mds/knowledge-graph/canonical-nodes.yaml","exit_code":0,"artifacts":[],"redactions":[]}
{"schema_version":1,"timestamp":"2026-06-19T11:18:07-04:00","cwd":"/home/gajap/uSandbox/repos/nebula/nebula-insurance-crm","command":"sed -n '3598,3660p' planning-mds/knowledge-graph/canonical-nodes.yaml","exit_code":0,"artifacts":[],"redactions":[]}
{"schema_version":1,"timestamp":"2026-06-19T11:18:07-04:00","cwd":"/home/gajap/uSandbox/repos/nebula/nebula-insurance-crm","command":"sed -n '1,80p' planning-mds/knowledge-graph/code-index.yaml","exit_code":0,"artifacts":[],"redactions":[]}
{"schema_version":1,"timestamp":"2026-06-19T11:18:07-04:00","cwd":"/home/gajap/uSandbox/repos/nebula/nebula-insurance-crm","command":"rg -n \"feature:F0023|story:F0023\" planning-mds/knowledge-graph/feature-mappings.yaml","exit_code":0,"artifacts":[],"redactions":[]}
{"schema_version":1,"timestamp":"2026-06-19T11:18:07-04:00","cwd":"/home/gajap/uSandbox/repos/nebula/nebula-insurance-crm","command":"sed -n '620,670p' planning-mds/knowledge-graph/feature-mappings.yaml","exit_code":0,"artifacts":[],"redactions":[]}
{"schema_version":1,"timestamp":"2026-06-19T11:18:07-04:00","cwd":"/home/gajap/uSandbox/repos/nebula/nebula-insurance-crm","command":"sed -n '970,1095p' planning-mds/knowledge-graph/feature-mappings.yaml","exit_code":0,"artifacts":[],"redactions":[]}
{"schema_version":1,"timestamp":"2026-06-19T11:18:07-04:00","cwd":"/home/gajap/uSandbox/repos/nebula/nebula-insurance-crm","command":"sed -n '1,40p' planning-mds/knowledge-graph/feature-mappings.yaml","exit_code":0,"artifacts":[],"redactions":[]}
{"schema_version":1,"timestamp":"2026-06-19T11:18:07-04:00","cwd":"/home/gajap/uSandbox/repos/nebula/nebula-insurance-crm","command":"python3 scripts/kg/lookup.py --defines SearchDocument","exit_code":0,"artifacts":[],"redactions":[]}
{"schema_version":1,"timestamp":"2026-06-19T11:18:07-04:00","cwd":"/home/gajap/uSandbox/repos/nebula/nebula-insurance-crm","command":"python3 scripts/kg/lookup.py --defines SavedView","exit_code":0,"artifacts":[],"redactions":[]}
{"schema_version":1,"timestamp":"2026-06-19T11:18:07-04:00","cwd":"/home/gajap/uSandbox/repos/nebula/nebula-insurance-crm","command":"python3 scripts/kg/lookup.py --defines OperationalReportProjection","exit_code":0,"artifacts":[],"redactions":[]}
{"schema_version":1,"timestamp":"2026-06-19T11:18:07-04:00","cwd":"/home/gajap/uSandbox/repos/nebula/nebula-insurance-crm","command":"python3 scripts/kg/lookup.py --defines OperationalReportSnapshot","exit_code":0,"artifacts":[],"redactions":[]}
{"schema_version":1,"timestamp":"2026-06-19T11:18:07-04:00","cwd":"/home/gajap/uSandbox/repos/nebula/nebula-insurance-crm","command":"python3 scripts/kg/lookup.py --defines GlobalSearch","exit_code":0,"artifacts":[],"redactions":[]}
{"schema_version":1,"timestamp":"2026-06-19T11:18:07-04:00","cwd":"/home/gajap/uSandbox/repos/nebula/nebula-insurance-crm","command":"python3 scripts/kg/lookup.py --defines OperationalReporting","exit_code":0,"artifacts":[],"redactions":[]}
{"schema_version":1,"timestamp":"2026-06-19T11:18:07-04:00","cwd":"/home/gajap/uSandbox/repos/nebula/nebula-insurance-crm","command":"python3 scripts/kg/lookup.py --defines SearchIndexRefresh","exit_code":0,"artifacts":[],"redactions":[]}
{"schema_version":1,"timestamp":"2026-06-19T11:18:07-04:00","cwd":"/home/gajap/uSandbox/repos/nebula/nebula-insurance-crm","command":"python3 scripts/kg/lookup.py --defines SearchViewAuditEvent","exit_code":0,"artifacts":[],"redactions":[]}
{"schema_version":1,"timestamp":"2026-06-19T11:18:07-04:00","cwd":"/home/gajap/uSandbox/repos/nebula/nebula-insurance-crm","command":"rg --files engine/src/Nebula.Api/Endpoints engine/src/Nebula.Application engine/src/Nebula.Domain/Entities experience/src | sed -n '1,220p'","exit_code":0,"artifacts":[],"redactions":[]}
{"schema_version":1,"timestamp":"2026-06-19T11:18:07-04:00","cwd":"/home/gajap/uSandbox/repos/nebula/nebula-insurance-crm","command":"rg -n \"Map(Get|Post|Put|Patch|Delete)|If-Match|ETag|RowVersion|rowVersion|ProblemDetails\" engine/src/Nebula.Api/Endpoints engine/src/Nebula.Application -g '*.cs'","exit_code":0,"artifacts":[],"redactions":[]}
{"schema_version":1,"timestamp":"2026-06-19T11:18:07-04:00","cwd":"/home/gajap/uSandbox/repos/nebula/nebula-insurance-crm","command":"rg -n \"resource:|Casbin|Authorize|policy|Enforce|dashboard_kpi|broker\" engine/src/Nebula.Api engine/src/Nebula.Application engine/src/Nebula.Infrastructure -g '*.cs'","exit_code":0,"artifacts":[],"redactions":[]}
{"schema_version":1,"timestamp":"2026-06-19T11:18:07-04:00","cwd":"/home/gajap/uSandbox/repos/nebula/nebula-insurance-crm","command":"sed -n '1,220p' planning-mds/features/F0023-global-search-saved-views-and-operational-reporting/F0023-S0003-personal-saved-views.md","exit_code":0,"artifacts":[],"redactions":[]}
{"schema_version":1,"timestamp":"2026-06-19T11:18:07-04:00","cwd":"/home/gajap/uSandbox/repos/nebula/nebula-insurance-crm","command":"sed -n '1,220p' planning-mds/features/F0023-global-search-saved-views-and-operational-reporting/F0023-S0004-team-saved-views.md","exit_code":0,"artifacts":[],"redactions":[]}
{"schema_version":1,"timestamp":"2026-06-19T11:18:07-04:00","cwd":"/home/gajap/uSandbox/repos/nebula/nebula-insurance-crm","command":"sed -n '1,220p' planning-mds/features/F0023-global-search-saved-views-and-operational-reporting/F0023-S0007-permission-safe-search-and-reporting.md","exit_code":0,"artifacts":[],"redactions":[]}
{"schema_version":1,"timestamp":"2026-06-19T11:18:07-04:00","cwd":"/home/gajap/uSandbox/repos/nebula/nebula-insurance-crm","command":"rg -n \"code-index|node_bindings|glob|exists|path\" scripts/kg/validate.py scripts/kg -g '*.py'","exit_code":0,"artifacts":[],"redactions":[]}
{"schema_version":1,"timestamp":"2026-06-19T11:18:07-04:00","cwd":"/home/gajap/uSandbox/repos/nebula/nebula-insurance-crm","command":"sed -n '1,220p' scripts/kg/validate.py","exit_code":0,"artifacts":[],"redactions":[]}
{"schema_version":1,"timestamp":"2026-06-19T11:18:07-04:00","cwd":"/home/gajap/uSandbox/repos/nebula/nebula-insurance-crm","command":"sed -n '1,140p' planning-mds/knowledge-graph/code-index.yaml | tail -n 40","exit_code":0,"artifacts":[],"redactions":[]}
{"schema_version":1,"timestamp":"2026-06-19T11:18:07-04:00","cwd":"/home/gajap/uSandbox/repos/nebula/nebula-insurance-crm","command":"sed -n '1138,1162p' scripts/kg/validate.py","exit_code":0,"artifacts":[],"redactions":[]}
{"schema_version":1,"timestamp":"2026-06-19T11:18:07-04:00","cwd":"/home/gajap/uSandbox/repos/nebula/nebula-insurance-crm","command":"sed -n '1,260p' planning-mds/features/F0023-global-search-saved-views-and-operational-reporting/README.md","exit_code":0,"artifacts":[],"redactions":[]}
{"schema_version":1,"timestamp":"2026-06-19T11:18:07-04:00","cwd":"/home/gajap/uSandbox/repos/nebula/nebula-insurance-crm","command":"sed -n '1,260p' planning-mds/features/F0023-global-search-saved-views-and-operational-reporting/GETTING-STARTED.md","exit_code":0,"artifacts":[],"redactions":[]}
{"schema_version":1,"timestamp":"2026-06-19T11:18:07-04:00","cwd":"/home/gajap/uSandbox/repos/nebula/nebula-insurance-crm","command":"sed -n '1,220p' planning-mds/features/F0023-global-search-saved-views-and-operational-reporting/STATUS.md","exit_code":0,"artifacts":[],"redactions":[]}
{"schema_version":1,"timestamp":"2026-06-19T11:18:07-04:00","cwd":"/home/gajap/uSandbox/repos/nebula/nebula-insurance-crm","command":"rg -n \"^## 4|^### 4|F0023|Global Search|Saved Views|Operational Reporting\" planning-mds/BLUEPRINT.md","exit_code":0,"artifacts":[],"redactions":[]}
{"schema_version":1,"timestamp":"2026-06-19T11:18:07-04:00","cwd":"/home/gajap/uSandbox/repos/nebula/nebula-insurance-crm","command":"sed -n '300,520p' planning-mds/BLUEPRINT.md","exit_code":0,"artifacts":[],"redactions":[]}
{"schema_version":1,"timestamp":"2026-06-19T11:18:07-04:00","cwd":"/home/gajap/uSandbox/repos/nebula/nebula-insurance-crm","command":"wc -l planning-mds/BLUEPRINT.md","exit_code":0,"artifacts":[],"redactions":[]}
{"schema_version":1,"timestamp":"2026-06-19T11:18:07-04:00","cwd":"/home/gajap/uSandbox/repos/nebula/nebula-insurance-crm","command":"sed -n '520,676p' planning-mds/BLUEPRINT.md","exit_code":0,"artifacts":[],"redactions":[]}
{"schema_version":1,"timestamp":"2026-06-19T11:18:07-04:00","cwd":"/home/gajap/uSandbox/repos/nebula/nebula-insurance-crm","command":"sed -n '1,220p' planning-mds/architecture/error-codes.md","exit_code":0,"artifacts":[],"redactions":[]}
{"schema_version":1,"timestamp":"2026-06-19T11:18:07-04:00","cwd":"/home/gajap/uSandbox/repos/nebula/nebula-insurance-crm","command":"rg -n \"Document|# \u2500\u2500 Document|DocumentMetadata|DocumentTemplate|PaginatedDocument\" planning-mds/api/nebula-api.yaml | head -n 40","exit_code":0,"artifacts":[],"redactions":[]}
{"schema_version":1,"timestamp":"2026-06-19T11:18:07-04:00","cwd":"/home/gajap/uSandbox/repos/nebula/nebula-insurance-crm","command":"rg -n \"DocumentParentRef|PaginatedDocumentList|DocumentUploadFileMetadata|DocumentDetail|DocumentMetadataUpdateRequest|DocumentTemplate\" planning-mds/api/nebula-api.yaml | tail -n 40","exit_code":0,"artifacts":[],"redactions":[]}
{"schema_version":1,"timestamp":"2026-06-19T11:18:07-04:00","cwd":"/home/gajap/uSandbox/repos/nebula/nebula-insurance-crm","command":"sed -n '7650,7720p' planning-mds/api/nebula-api.yaml","exit_code":0,"artifacts":[],"redactions":[]}
{"schema_version":1,"timestamp":"2026-06-19T11:18:07-04:00","cwd":"/home/gajap/uSandbox/repos/nebula/nebula-insurance-crm","command":"rg -n \"PreconditionFailed|412|SavedViewId\" planning-mds/api/nebula-api.yaml","exit_code":0,"artifacts":[],"redactions":[]}
{"schema_version":1,"timestamp":"2026-06-19T11:18:07-04:00","cwd":"/home/gajap/uSandbox/repos/nebula/nebula-insurance-crm","command":"sed -n '4243,4335p' planning-mds/api/nebula-api.yaml","exit_code":0,"artifacts":[],"redactions":[]}
{"schema_version":1,"timestamp":"2026-06-19T11:18:07-04:00","cwd":"/home/gajap/uSandbox/repos/nebula/nebula-insurance-crm","command":"sed -n '1,140p' planning-mds/architecture/decisions/ADR-014-search-index-and-saved-view-architecture.md","exit_code":0,"artifacts":[],"redactions":[]}
{"schema_version":1,"timestamp":"2026-06-19T11:18:07-04:00","cwd":"/home/gajap/uSandbox/repos/nebula/nebula-insurance-crm","command":"sed -n '380,455p' planning-mds/BLUEPRINT.md && sed -n '600,640p' planning-mds/BLUEPRINT.md","exit_code":0,"artifacts":[],"redactions":[]}
{"schema_version":1,"timestamp":"2026-06-19T11:18:07-04:00","cwd":"/home/gajap/uSandbox/repos/nebula/nebula-insurance-crm","command":"rg -n \"^roles:\" -A80 planning-mds/knowledge-graph/canonical-nodes.yaml","exit_code":0,"artifacts":[],"redactions":[]}
{"schema_version":1,"timestamp":"2026-06-19T11:18:07-04:00","cwd":"/home/gajap/uSandbox/repos/nebula/nebula-insurance-crm","command":"rg -n \"policy_rule:dashboard-nudge|dashboard-nudge-read|dashboard-kpi-read|dashboard-pipeline-read\" planning-mds/knowledge-graph/canonical-nodes.yaml","exit_code":0,"artifacts":[],"redactions":[]}
{"schema_version":1,"timestamp":"2026-06-19T11:18:07-04:00","cwd":"/home/gajap/uSandbox/repos/nebula/nebula-insurance-crm","command":"sed -n '3058,3110p' planning-mds/knowledge-graph/canonical-nodes.yaml","exit_code":0,"artifacts":[],"redactions":[]}
{"schema_version":1,"timestamp":"2026-06-19T11:18:07-04:00","cwd":"/home/gajap/uSandbox/repos/nebula/nebula-insurance-crm","command":"tail -n 120 planning-mds/knowledge-graph/code-index.yaml","exit_code":0,"artifacts":[],"redactions":[]}
{"schema_version":1,"timestamp":"2026-06-19T11:18:07-04:00","cwd":"/home/gajap/uSandbox/repos/nebula/nebula-insurance-crm","command":"sed -n '627,668p' planning-mds/knowledge-graph/feature-mappings.yaml && sed -n '976,1092p' planning-mds/knowledge-graph/feature-mappings.yaml","exit_code":0,"artifacts":[],"redactions":[]}
{"schema_version":1,"timestamp":"2026-06-19T11:18:07-04:00","cwd":"/home/gajap/uSandbox/repos/nebula/nebula-insurance-crm","command":"python3 -m json.tool planning-mds/schemas/global-search-result.schema.json && python3 -m json.tool planning-mds/schemas/global-search-response.schema.json && python3 -m json.tool planning-mds/schemas/saved-view.schema.json && python3 -m json.tool planning-mds/schemas/saved-view-upsert-request.schema.json && python3 -m json.tool planning-mds/schemas/operational-workload-report.schema.json && python3 -m json.tool planning-mds/schemas/workflow-aging-report.schema.json","exit_code":0,"artifacts":[],"redactions":[]}
{"schema_version":1,"timestamp":"2026-06-19T11:18:07-04:00","cwd":"/home/gajap/uSandbox/repos/nebula/nebula-insurance-crm","command":"python3 -c \"import yaml; yaml.safe_load(open('planning-mds/api/nebula-api.yaml')); yaml.safe_load(open('planning-mds/knowledge-graph/canonical-nodes.yaml')); yaml.safe_load(open('planning-mds/knowledge-graph/feature-mappings.yaml')); yaml.safe_load(open('planning-mds/knowledge-graph/code-index.yaml')); print('yaml ok')\"","exit_code":0,"artifacts":[],"redactions":[]}
{"schema_version":1,"timestamp":"2026-06-19T11:18:07-04:00","cwd":"/home/gajap/uSandbox/repos/nebula/nebula-insurance-crm","command":"rg -n \"TODO|TBD|Pending Phase B|pending Phase B|Phase B status: Pending|\\{[A-Za-z0-9_ -]+\\}\" planning-mds/features/F0023-global-search-saved-views-and-operational-reporting planning-mds/architecture planning-mds/api/nebula-api.yaml planning-mds/knowledge-graph","exit_code":0,"artifacts":[],"redactions":[]}
{"schema_version":1,"timestamp":"2026-06-19T11:18:07-04:00","cwd":"/home/gajap/uSandbox/repos/nebula/nebula-insurance-crm","command":"python3 scripts/kg/validate.py","exit_code":1,"artifacts":[],"redactions":[]}
{"schema_version":1,"timestamp":"2026-06-19T11:18:07-04:00","cwd":"/home/gajap/uSandbox/repos/nebula/nebula-agents","command":"python3 agents/architect/scripts/validate-architecture.py /home/gajap/uSandbox/repos/nebula/nebula-insurance-crm/planning-mds/BLUEPRINT.md","exit_code":0,"artifacts":[],"redactions":[]}
{"schema_version":1,"timestamp":"2026-06-19T11:18:07-04:00","cwd":"/home/gajap/uSandbox/repos/nebula/nebula-agents","command":"python3 agents/architect/scripts/validate-api-contract.py /home/gajap/uSandbox/repos/nebula/nebula-insurance-crm/planning-mds/api/nebula-api.yaml","exit_code":0,"artifacts":[],"redactions":[]}
{"schema_version":1,"timestamp":"2026-06-19T11:18:07-04:00","cwd":"/home/gajap/uSandbox/repos/nebula/nebula-insurance-crm","command":"python3 scripts/kg/validate.py --write-coverage-report","exit_code":0,"artifacts":[],"redactions":[]}
{"schema_version":1,"timestamp":"2026-06-19T11:18:07-04:00","cwd":"/home/gajap/uSandbox/repos/nebula/nebula-insurance-crm","command":"python3 scripts/kg/validate.py","exit_code":0,"artifacts":[],"redactions":[]}
{"schema_version":1,"timestamp":"2026-06-19T11:18:07-04:00","cwd":"/home/gajap/uSandbox/repos/nebula/nebula-insurance-crm","command":"python3 scripts/kg/validate.py --check-drift","exit_code":0,"artifacts":[],"redactions":[]}
{"schema_version":1,"timestamp":"2026-06-19T11:18:07-04:00","cwd":"/home/gajap/uSandbox/repos/nebula/nebula-agents","command":"python3 agents/product-manager/scripts/validate-trackers.py --feature F0023 --skip-feature-evidence","exit_code":0,"artifacts":[],"redactions":[]}
{"schema_version":1,"timestamp":"2026-06-19T11:18:07-04:00","cwd":"/home/gajap/uSandbox/repos/nebula/nebula-insurance-crm","command":"python3 - <<'PY' ... type_regex_map helper ... PY","exit_code":1,"artifacts":[],"redactions":[]}
{"schema_version":1,"timestamp":"2026-06-19T11:18:07-04:00","cwd":"/home/gajap/uSandbox/repos/nebula","command":"sed -n '1,260p' /home/gajap/uSandbox/repos/nebula/nebula-insurance-crm/planning-mds/operations/evidence/runs/2026-06-19-2f180001/gate-decisions.md","exit_code":0,"artifacts":[],"redactions":[]}
{"schema_version":1,"timestamp":"2026-06-19T11:18:07-04:00","cwd":"/home/gajap/uSandbox/repos/nebula","command":"sed -n '1,260p' /home/gajap/uSandbox/repos/nebula/nebula-insurance-crm/planning-mds/operations/evidence/runs/2026-06-19-2f180001/artifact-trace.md","exit_code":0,"artifacts":[],"redactions":[]}
{"schema_version":1,"timestamp":"2026-06-19T11:18:07-04:00","cwd":"/home/gajap/uSandbox/repos/nebula","command":"sed -n '1,220p' /home/gajap/uSandbox/repos/nebula/nebula-insurance-crm/planning-mds/operations/evidence/runs/2026-06-19-2f180001/README.md","exit_code":0,"artifacts":[],"redactions":[]}
{"schema_version":1,"timestamp":"2026-06-19T11:18:07-04:00","cwd":"/home/gajap/uSandbox/repos/nebula","command":"sed -n '1,260p' /home/gajap/uSandbox/repos/nebula/nebula-insurance-crm/planning-mds/operations/evidence/runs/2026-06-19-2f180001/lifecycle-gates.log","exit_code":0,"artifacts":[],"redactions":[]}
{"schema_version":1,"timestamp":"2026-06-19T11:18:07-04:00","cwd":"/home/gajap/uSandbox/repos/nebula","command":"sed -n '1,240p' /home/gajap/uSandbox/repos/nebula/nebula-insurance-crm/planning-mds/operations/evidence/runs/2026-06-19-2f180001/action-context.md","exit_code":0,"artifacts":[],"redactions":[]}
{"schema_version":1,"timestamp":"2026-06-19T11:18:07-04:00","cwd":"/home/gajap/uSandbox/repos/nebula","command":"sed -n '1,140p' /home/gajap/uSandbox/repos/nebula/nebula-insurance-crm/planning-mds/operations/evidence/runs/2026-06-19-2f180001/commands.log","exit_code":0,"artifacts":[],"redactions":[]}
{"schema_version":1,"timestamp":"2026-06-19T11:18:07-04:00","cwd":"/home/gajap/uSandbox/repos/nebula","command":"date -Iseconds","exit_code":0,"artifacts":[],"redactions":[]}
{"schema_version":1,"timestamp":"2026-06-19T11:18:07-04:00","cwd":"/home/gajap/uSandbox/repos/nebula","command":"sed -n '1,120p' /home/gajap/uSandbox/repos/nebula/nebula-agents/agents/templates/commands-log-template.md","exit_code":0,"artifacts":[],"redactions":[]}
{"schema_version":1,"timestamp":"2026-06-19T11:18:07-04:00","cwd":"/home/gajap/uSandbox/repos/nebula","command":"python3 update_f0023_phase_b_commands_log.py","exit_code":0,"artifacts":[],"redactions":[]}
{"schema_version":1,"timestamp":"2026-06-19T17:13:01-04:00","cwd":"/home/gajap/uSandbox/repos/nebula","command":"tail -n 40 /home/gajap/uSandbox/repos/nebula/nebula-insurance-crm/planning-mds/operations/evidence/runs/2026-06-19-2f180001/gate-decisions.md","exit_code":0,"artifacts":[],"redactions":[]}
{"schema_version":1,"timestamp":"2026-06-19T17:13:01-04:00","cwd":"/home/gajap/uSandbox/repos/nebula","command":"tail -n 30 /home/gajap/uSandbox/repos/nebula/nebula-insurance-crm/planning-mds/operations/evidence/runs/2026-06-19-2f180001/README.md","exit_code":0,"artifacts":[],"redactions":[]}
{"schema_version":1,"timestamp":"2026-06-19T17:13:01-04:00","cwd":"/home/gajap/uSandbox/repos/nebula","command":"tail -n 20 /home/gajap/uSandbox/repos/nebula/nebula-insurance-crm/planning-mds/operations/evidence/runs/2026-06-19-2f180001/commands.log","exit_code":0,"artifacts":[],"redactions":[]}
{"schema_version":1,"timestamp":"2026-06-19T17:13:01-04:00","cwd":"/home/gajap/uSandbox/repos/nebula","command":"date -Iseconds","exit_code":0,"artifacts":[],"redactions":[]}
{"schema_version":1,"timestamp":"2026-06-19T17:13:01-04:00","cwd":"/home/gajap/uSandbox/repos/nebula/nebula-insurance-crm","command":"git status --short","exit_code":0,"artifacts":[],"redactions":[]}
{"schema_version":1,"timestamp":"2026-06-19T17:13:01-04:00","cwd":"/home/gajap/uSandbox/repos/nebula/nebula-agents","command":"python3 /home/gajap/uSandbox/repos/nebula/nebula-agents/agents/product-manager/scripts/validate-stories.py /home/gajap/uSandbox/repos/nebula/nebula-insurance-crm/planning-mds/features/F0023-global-search-saved-views-and-operational-reporting","exit_code":0,"artifacts":[],"redactions":[]}
{"schema_version":1,"timestamp":"2026-06-19T17:13:01-04:00","cwd":"/home/gajap/uSandbox/repos/nebula/nebula-agents","command":"python3 /home/gajap/uSandbox/repos/nebula/nebula-agents/agents/product-manager/scripts/generate-story-index.py /home/gajap/uSandbox/repos/nebula/nebula-insurance-crm/planning-mds/features","exit_code":0,"artifacts":[],"redactions":[]}
{"schema_version":1,"timestamp":"2026-06-19T17:13:01-04:00","cwd":"/home/gajap/uSandbox/repos/nebula/nebula-agents","command":"python3 /home/gajap/uSandbox/repos/nebula/nebula-agents/agents/product-manager/scripts/validate-trackers.py --feature F0023 --skip-feature-evidence","exit_code":0,"artifacts":[],"redactions":[]}
{"schema_version":1,"timestamp":"2026-06-19T17:13:01-04:00","cwd":"/home/gajap/uSandbox/repos/nebula/nebula-insurance-crm","command":"python3 /home/gajap/uSandbox/repos/nebula/nebula-insurance-crm/scripts/kg/validate.py --write-coverage-report","exit_code":0,"artifacts":[],"redactions":[]}
{"schema_version":1,"timestamp":"2026-06-19T17:13:01-04:00","cwd":"/home/gajap/uSandbox/repos/nebula/nebula-insurance-crm","command":"python3 /home/gajap/uSandbox/repos/nebula/nebula-insurance-crm/scripts/kg/validate.py","exit_code":0,"artifacts":[],"redactions":[]}
{"schema_version":1,"timestamp":"2026-06-19T17:13:01-04:00","cwd":"/home/gajap/uSandbox/repos/nebula/nebula-insurance-crm","command":"python3 /home/gajap/uSandbox/repos/nebula/nebula-insurance-crm/scripts/kg/validate.py --check-drift","exit_code":0,"artifacts":[],"redactions":[]}
{"schema_version":1,"timestamp":"2026-06-19T17:13:01-04:00","cwd":"/home/gajap/uSandbox/repos/nebula/nebula-agents","command":"python3 /home/gajap/uSandbox/repos/nebula/nebula-agents/agents/scripts/validate_templates.py","exit_code":0,"artifacts":[],"redactions":[]}
{"schema_version":1,"timestamp":"2026-06-19T17:14:00-04:00","cwd":"/home/gajap/uSandbox/repos/nebula","command":"python3 - <<'PY' append git status audit entry","exit_code":0,"artifacts":[],"redactions":[]}
{"schema_version":1,"timestamp":"2026-06-19T17:14:00-04:00","cwd":"/home/gajap/uSandbox/repos/nebula/nebula-insurance-crm","command":"git status --short","exit_code":0,"artifacts":[],"redactions":[]}
